2025-07-29 14:12:15,027 - __main__ - INFO - Database initialized successfully
2025-07-29 14:12:15,028 - __main__ - INFO - Scheduler started. Connecting worker account...
2025-07-29 14:12:15,030 - telethon.network.mtprotosender - INFO - Connecting to 149.154.175.54:443/TcpFull...
2025-07-29 14:12:15,141 - telethon.network.mtprotosender - INFO - Connection to 149.154.175.54:443/TcpFull complete!
2025-07-29 14:12:15,857 - __main__ - INFO - Worker account connected successfully.
2025-07-29 14:12:15,857 - __main__ - INFO - Scheduler is running...
2025-07-29 14:13:08,820 - telethon.network.mtprotosender - INFO - Disconnecting from 149.154.175.54:443/TcpFull...
2025-07-29 14:13:08,820 - telethon.network.mtprotosender - INFO - Disconnection from 149.154.175.54:443/TcpFull complete!
2025-07-29 14:13:08,829 - __main__ - INFO - Scheduler stopped manually.
2025-07-29 15:25:27,097 - __main__ - INFO - Database initialized successfully
2025-07-29 15:25:27,098 - __main__ - INFO - Scheduler started. Connecting worker account...
2025-07-29 15:25:27,103 - telethon.network.mtprotosender - INFO - Connecting to 149.154.175.54:443/TcpFull...
2025-07-29 15:25:27,212 - telethon.network.mtprotosender - INFO - Connection to 149.154.175.54:443/TcpFull complete!
2025-07-29 15:25:27,934 - __main__ - INFO - Worker account connected successfully.
2025-07-29 15:25:27,934 - __main__ - INFO - Scheduler is running...
2025-07-29 15:26:27,935 - __main__ - INFO - Scheduler is running...
2025-07-29 15:27:27,936 - __main__ - INFO - Scheduler is running...
2025-07-29 15:28:27,955 - __main__ - INFO - Scheduler is running...
2025-07-29 15:29:28,009 - __main__ - INFO - Scheduler is running...
2025-07-29 15:30:28,011 - __main__ - INFO - Scheduler is running...
2025-07-29 15:31:28,060 - __main__ - INFO - Scheduler is running...
2025-07-29 15:32:28,113 - __main__ - INFO - Scheduler is running...
2025-07-29 15:33:28,173 - __main__ - INFO - Scheduler is running...
2025-07-29 15:34:28,232 - __main__ - INFO - Scheduler is running...
2025-07-29 15:35:28,293 - __main__ - INFO - Scheduler is running...
2025-07-29 15:36:28,340 - __main__ - INFO - Scheduler is running...
2025-07-29 15:37:28,374 - __main__ - INFO - Scheduler is running...
2025-07-29 15:38:28,419 - __main__ - INFO - Scheduler is running...
2025-07-29 15:39:28,480 - __main__ - INFO - Scheduler is running...
2025-07-29 15:40:28,482 - __main__ - INFO - Scheduler is running...
2025-07-29 15:40:28,634 - telethon.client.updates - INFO - Got difference for channel 1808081600 updates
2025-07-29 15:41:28,544 - __main__ - INFO - Scheduler is running...
2025-07-29 15:42:28,604 - __main__ - INFO - Scheduler is running...
2025-07-29 15:43:28,660 - __main__ - INFO - Scheduler is running...
2025-07-29 15:44:28,662 - __main__ - INFO - Scheduler is running...
2025-07-29 15:45:28,723 - __main__ - INFO - Scheduler is running...
2025-07-29 15:46:28,785 - __main__ - INFO - Scheduler is running...
2025-07-29 15:47:28,787 - __main__ - INFO - Scheduler is running...
2025-07-29 15:48:28,829 - __main__ - INFO - Scheduler is running...
2025-07-29 15:48:29,570 - telethon.client.updates - INFO - Got difference for channel 1808081600 updates
2025-07-29 15:49:28,888 - __main__ - INFO - Scheduler is running...
2025-07-29 15:50:28,916 - __main__ - INFO - Scheduler is running...
2025-07-29 15:51:28,976 - __main__ - INFO - Scheduler is running...
2025-07-29 15:52:29,030 - __main__ - INFO - Scheduler is running...
2025-07-29 15:53:29,091 - __main__ - INFO - Scheduler is running...
2025-07-29 15:54:29,108 - __main__ - INFO - Scheduler is running...
2025-07-29 15:55:29,111 - __main__ - INFO - Scheduler is running...
2025-07-29 15:56:29,172 - __main__ - INFO - Scheduler is running...
2025-07-29 15:57:29,232 - __main__ - INFO - Scheduler is running...
2025-07-29 15:58:29,292 - __main__ - INFO - Scheduler is running...
2025-07-29 15:59:29,294 - __main__ - INFO - Scheduler is running...
2025-07-29 15:59:43,149 - telethon.network.mtprotosender - INFO - Disconnecting from 149.154.175.54:443/TcpFull...
2025-07-29 15:59:43,149 - telethon.network.mtprotosender - INFO - Disconnection from 149.154.175.54:443/TcpFull complete!
2025-07-29 16:17:14,805 - __main__ - INFO - Database initialized successfully
2025-07-29 16:17:14,807 - __main__ - INFO - Scheduler started. Connecting worker account...
2025-07-29 16:17:14,810 - telethon.network.mtprotosender - INFO - Connecting to 149.154.175.54:443/TcpFull...
2025-07-29 16:17:14,922 - telethon.network.mtprotosender - INFO - Connection to 149.154.175.54:443/TcpFull complete!
2025-07-29 16:17:15,639 - __main__ - INFO - Worker account connected successfully.
2025-07-29 16:17:15,640 - __main__ - INFO - Scheduler checking for due ads...
2025-07-29 16:17:15,651 - __main__ - INFO - Found 1 ad(s) to send.
2025-07-29 16:17:15,655 - __main__ - INFO - Processing ad 1 for user 7172873873 to 1 destinations.
2025-07-29 16:17:15,920 - __main__ - ERROR - Failed to send to destination -1002046764098: Chat admin privileges are required to do that in the specified chat (for example, to send a message in a channel which is not yours), or invalid permissions used for the channel or group (caused by SendMessageRequest)
2025-07-29 16:17:15,925 - __main__ - INFO - Finished processing ad 1 for user 7172873873.
2025-07-29 16:18:15,927 - __main__ - INFO - Scheduler checking for due ads...
2025-07-29 16:18:15,930 - __main__ - INFO - No ads are due.
2025-07-29 16:19:15,932 - __main__ - INFO - Scheduler checking for due ads...
2025-07-29 16:19:15,934 - __main__ - INFO - No ads are due.
2025-07-29 16:20:15,935 - __main__ - INFO - Scheduler checking for due ads...
2025-07-29 16:20:15,937 - __main__ - INFO - No ads are due.
2025-07-29 16:21:15,942 - __main__ - INFO - Scheduler checking for due ads...
2025-07-29 16:21:15,944 - __main__ - INFO - No ads are due.
2025-07-29 16:22:15,946 - __main__ - INFO - Scheduler checking for due ads...
2025-07-29 16:22:15,953 - __main__ - INFO - No ads are due.
2025-07-29 16:23:15,956 - __main__ - INFO - Scheduler checking for due ads...
2025-07-29 16:23:15,959 - __main__ - INFO - No ads are due.
2025-07-29 16:24:15,960 - __main__ - INFO - Scheduler checking for due ads...
2025-07-29 16:24:15,962 - __main__ - INFO - No ads are due.
2025-07-29 16:25:15,963 - __main__ - INFO - Scheduler checking for due ads...
2025-07-29 16:25:15,965 - __main__ - INFO - No ads are due.
2025-07-29 16:26:15,966 - __main__ - INFO - Scheduler checking for due ads...
2025-07-29 16:26:15,969 - __main__ - INFO - No ads are due.
2025-07-29 16:27:15,997 - __main__ - INFO - Scheduler checking for due ads...
2025-07-29 16:27:16,006 - __main__ - INFO - No ads are due.
2025-07-29 16:28:16,056 - __main__ - INFO - Scheduler checking for due ads...
2025-07-29 16:28:16,065 - __main__ - INFO - No ads are due.
2025-07-29 16:29:16,090 - __main__ - INFO - Scheduler checking for due ads...
2025-07-29 16:29:16,097 - __main__ - INFO - No ads are due.
2025-07-29 16:29:31,817 - telethon.client.updates - INFO - Got difference for account updates
2025-07-29 16:30:16,119 - __main__ - INFO - Scheduler checking for due ads...
2025-07-29 16:30:16,126 - __main__ - INFO - No ads are due.
2025-07-29 16:31:16,185 - __main__ - INFO - Scheduler checking for due ads...
2025-07-29 16:31:16,193 - __main__ - INFO - No ads are due.
2025-07-29 16:32:16,199 - __main__ - INFO - Scheduler checking for due ads...
2025-07-29 16:32:16,201 - __main__ - INFO - No ads are due.
2025-07-29 16:33:16,256 - __main__ - INFO - Scheduler checking for due ads...
2025-07-29 16:33:16,265 - __main__ - INFO - No ads are due.
2025-07-29 16:34:16,324 - __main__ - INFO - Scheduler checking for due ads...
2025-07-29 16:34:16,335 - __main__ - INFO - No ads are due.
2025-07-29 16:35:16,394 - __main__ - INFO - Scheduler checking for due ads...
2025-07-29 16:35:16,401 - __main__ - INFO - No ads are due.
2025-07-29 16:36:16,408 - __main__ - INFO - Scheduler checking for due ads...
2025-07-29 16:36:16,411 - __main__ - INFO - No ads are due.
2025-07-29 16:37:16,414 - __main__ - INFO - Scheduler checking for due ads...
2025-07-29 16:37:16,417 - __main__ - INFO - No ads are due.
2025-07-29 16:38:16,464 - __main__ - INFO - Scheduler checking for due ads...
2025-07-29 16:38:16,474 - __main__ - INFO - No ads are due.
2025-07-29 16:39:16,532 - __main__ - INFO - Scheduler checking for due ads...
2025-07-29 16:39:16,541 - __main__ - INFO - No ads are due.
2025-07-29 16:40:16,595 - __main__ - INFO - Scheduler checking for due ads...
2025-07-29 16:40:16,607 - __main__ - INFO - No ads are due.
2025-07-29 16:41:16,634 - __main__ - INFO - Scheduler checking for due ads...
2025-07-29 16:41:16,642 - __main__ - INFO - No ads are due.
2025-07-29 16:42:16,644 - __main__ - INFO - Scheduler checking for due ads...
2025-07-29 16:42:16,655 - __main__ - INFO - No ads are due.
2025-07-29 16:43:16,711 - __main__ - INFO - Scheduler checking for due ads...
2025-07-29 16:43:16,721 - __main__ - INFO - No ads are due.
2025-07-29 16:44:16,772 - __main__ - INFO - Scheduler checking for due ads...
2025-07-29 16:44:16,784 - __main__ - INFO - No ads are due.
2025-07-29 16:45:16,828 - __main__ - INFO - Scheduler checking for due ads...
2025-07-29 16:45:16,839 - __main__ - INFO - No ads are due.
2025-07-29 16:46:16,896 - __main__ - INFO - Scheduler checking for due ads...
2025-07-29 16:46:16,906 - __main__ - INFO - No ads are due.
2025-07-29 16:47:16,909 - __main__ - INFO - Scheduler checking for due ads...
2025-07-29 16:47:16,912 - __main__ - INFO - No ads are due.
2025-07-29 16:47:17,640 - telethon.client.updates - INFO - Got difference for channel 1949255570 updates
2025-07-29 16:48:16,966 - __main__ - INFO - Scheduler checking for due ads...
2025-07-29 16:48:16,973 - __main__ - INFO - No ads are due.
2025-07-29 16:49:17,031 - __main__ - INFO - Scheduler checking for due ads...
2025-07-29 16:49:17,042 - __main__ - INFO - No ads are due.
2025-07-29 16:50:17,095 - __main__ - INFO - Scheduler checking for due ads...
2025-07-29 16:50:17,102 - __main__ - INFO - No ads are due.
2025-07-29 16:51:17,146 - __main__ - INFO - Scheduler checking for due ads...
2025-07-29 16:51:17,153 - __main__ - INFO - No ads are due.
2025-07-29 16:52:17,159 - __main__ - INFO - Scheduler checking for due ads...
2025-07-29 16:52:17,163 - __main__ - INFO - No ads are due.
2025-07-29 16:53:17,219 - __main__ - INFO - Scheduler checking for due ads...
2025-07-29 16:53:17,227 - __main__ - INFO - No ads are due.
2025-07-29 16:54:17,284 - __main__ - INFO - Scheduler checking for due ads...
2025-07-29 16:54:17,291 - __main__ - INFO - No ads are due.
2025-07-29 16:55:17,342 - __main__ - INFO - Scheduler checking for due ads...
2025-07-29 16:55:17,352 - __main__ - INFO - No ads are due.
2025-07-29 16:56:17,408 - __main__ - INFO - Scheduler checking for due ads...
2025-07-29 16:56:17,422 - __main__ - INFO - No ads are due.
2025-07-29 16:56:18,170 - telethon.client.updates - INFO - Got difference for channel 1949255570 updates
2025-07-29 16:57:17,428 - __main__ - INFO - Scheduler checking for due ads...
2025-07-29 16:57:17,431 - __main__ - INFO - No ads are due.
2025-07-29 16:58:17,484 - __main__ - INFO - Scheduler checking for due ads...
2025-07-29 16:58:17,497 - __main__ - INFO - No ads are due.
2025-07-29 16:59:17,556 - __main__ - INFO - Scheduler checking for due ads...
2025-07-29 16:59:17,568 - __main__ - INFO - No ads are due.
2025-07-29 17:00:17,591 - __main__ - INFO - Scheduler checking for due ads...
2025-07-29 17:00:17,599 - __main__ - INFO - No ads are due.
2025-07-29 17:01:17,657 - __main__ - INFO - Scheduler checking for due ads...
2025-07-29 17:01:17,666 - __main__ - INFO - No ads are due.
2025-07-29 17:02:17,673 - __main__ - INFO - Scheduler checking for due ads...
2025-07-29 17:02:17,675 - __main__ - INFO - No ads are due.
2025-07-29 17:03:17,682 - __main__ - INFO - Scheduler checking for due ads...
2025-07-29 17:03:17,692 - __main__ - INFO - No ads are due.
2025-07-29 17:04:17,748 - __main__ - INFO - Scheduler checking for due ads...
2025-07-29 17:04:17,759 - __main__ - INFO - No ads are due.
2025-07-29 17:05:17,762 - __main__ - INFO - Scheduler checking for due ads...
2025-07-29 17:05:17,773 - __main__ - INFO - No ads are due.
2025-07-29 17:06:17,832 - __main__ - INFO - Scheduler checking for due ads...
2025-07-29 17:06:17,841 - __main__ - INFO - No ads are due.
2025-07-29 17:07:17,845 - __main__ - INFO - Scheduler checking for due ads...
2025-07-29 17:07:17,848 - __main__ - INFO - No ads are due.
2025-07-29 17:08:17,900 - __main__ - INFO - Scheduler checking for due ads...
2025-07-29 17:08:17,908 - __main__ - INFO - No ads are due.
2025-07-29 17:09:17,966 - __main__ - INFO - Scheduler checking for due ads...
2025-07-29 17:09:17,978 - __main__ - INFO - No ads are due.
2025-07-29 17:10:18,035 - __main__ - INFO - Scheduler checking for due ads...
2025-07-29 17:10:18,042 - __main__ - INFO - No ads are due.
2025-07-29 17:11:18,099 - __main__ - INFO - Scheduler checking for due ads...
2025-07-29 17:11:18,110 - __main__ - INFO - No ads are due.
2025-07-29 17:12:18,116 - __main__ - INFO - Scheduler checking for due ads...
2025-07-29 17:12:18,119 - __main__ - INFO - No ads are due.
2025-07-29 17:13:18,176 - __main__ - INFO - Scheduler checking for due ads...
2025-07-29 17:13:18,187 - __main__ - INFO - No ads are due.
2025-07-29 17:14:18,220 - __main__ - INFO - Scheduler checking for due ads...
2025-07-29 17:14:18,229 - __main__ - INFO - No ads are due.
2025-07-29 17:15:18,267 - __main__ - INFO - Scheduler checking for due ads...
2025-07-29 17:15:18,278 - __main__ - INFO - No ads are due.
2025-07-29 17:16:18,290 - __main__ - INFO - Scheduler checking for due ads...
2025-07-29 17:16:18,301 - __main__ - INFO - No ads are due.
2025-07-29 17:17:18,306 - __main__ - INFO - Scheduler checking for due ads...
2025-07-29 17:17:18,310 - __main__ - INFO - Found 1 ad(s) to send.
2025-07-29 17:17:18,312 - __main__ - INFO - Processing ad 1 for user 7172873873 to 1 destinations.
2025-07-29 17:17:18,436 - __main__ - ERROR - Failed to send to destination -1002046764098: Chat admin privileges are required to do that in the specified chat (for example, to send a message in a channel which is not yours), or invalid permissions used for the channel or group (caused by SendMessageRequest)
2025-07-29 17:17:18,440 - __main__ - INFO - Finished processing ad 1 for user 7172873873.
2025-07-29 17:18:18,443 - __main__ - INFO - Scheduler checking for due ads...
2025-07-29 17:18:18,445 - __main__ - INFO - No ads are due.
2025-07-29 17:18:20,717 - telethon.network.mtprotosender - INFO - Disconnecting from 149.154.175.54:443/TcpFull...
2025-07-29 17:18:20,718 - telethon.network.mtprotosender - INFO - Disconnection from 149.154.175.54:443/TcpFull complete!
2025-07-29 17:18:20,727 - __main__ - INFO - Scheduler stopped manually.
2025-07-29 17:18:20,762 - asyncio - ERROR - Fatal error on SSL transport
protocol: <asyncio.sslproto.SSLProtocol object at 0x7f486bf7f010>
transport: <_SelectorSocketTransport closing fd=7>
Traceback (most recent call last):
  File "/usr/lib/python3.10/asyncio/selector_events.py", line 924, in write
    n = self._sock.send(data)
OSError: [Errno 9] Bad file descriptor

During handling of the above exception, another exception occurred:

Traceback (most recent call last):
  File "/usr/lib/python3.10/asyncio/sslproto.py", line 690, in _process_write_backlog
    self._transport.write(chunk)
  File "/usr/lib/python3.10/asyncio/selector_events.py", line 930, in write
    self._fatal_error(exc, 'Fatal write error on socket transport')
  File "/usr/lib/python3.10/asyncio/selector_events.py", line 725, in _fatal_error
    self._force_close(exc)
  File "/usr/lib/python3.10/asyncio/selector_events.py", line 737, in _force_close
    self._loop.call_soon(self._call_connection_lost, exc)
  File "/usr/lib/python3.10/asyncio/base_events.py", line 753, in call_soon
    self._check_closed()
  File "/usr/lib/python3.10/asyncio/base_events.py", line 515, in _check_closed
    raise RuntimeError('Event loop is closed')
RuntimeError: Event loop is closed
